<?xml version="1.0" encoding="utf-8"?><testsuites name="pytest tests"><testsuite name="pytest" errors="0" failures="0" skipped="0" tests="10" time="2.343" timestamp="2026-04-12T18:41:28.335781+00:00" hostname="agent-env-4600b808-3336-4360-abc5-86d519a1bcd5"><testcase classname="backend.tests.test_diary_images_and_thumbnails.TestDiaryImageUpload" name="test_create_diary_entry_and_upload_image" time="0.667" /><testcase classname="backend.tests.test_diary_images_and_thumbnails.TestDiaryImageUpload" name="test_full_image_endpoint" time="0.115" /><testcase classname="backend.tests.test_diary_images_and_thumbnails.TestDiaryImageUpload" name="test_thumbnail_endpoint" time="0.159" /><testcase classname="backend.tests.test_diary_images_and_thumbnails.TestDiaryImageUpload" name="test_thumbnail_cached_on_second_request" time="0.105" /><testcase classname="backend.tests.test_diary_images_and_thumbnails.TestDiaryImageUpload" name="test_delete_diary_image" time="0.154" /><testcase classname="backend.tests.test_diary_images_and_thumbnails.TestDiaryImageUpload" name="test_diary_entry_delete_cleans_up_images" time="0.347" /><testcase classname="backend.tests.test_diary_images_and_thumbnails.TestDiaryListIncludesImages" name="test_diary_list_has_images_field" time="0.328" /><testcase classname="backend.tests.test_diary_images_and_thumbnails.TestThumbnailEndpointEdgeCases" name="test_thumbnail_404_for_nonexistent_file" time="0.124" /><testcase classname="backend.tests.test_diary_images_and_thumbnails.TestThumbnailEndpointEdgeCases" name="test_full_file_404_for_nonexistent" time="0.108" /><testcase classname="backend.tests.test_diary_images_and_thumbnails.TestCleanup" name="test_cleanup_test_entries" time="0.172" /></testsuite></testsuites>