<?xml version="1.0" encoding="utf-8"?><testsuites name="pytest tests"><testsuite name="pytest" errors="0" failures="0" skipped="0" tests="6" time="2.495" timestamp="2026-03-15T13:52:37.100728+00:00" hostname="agent-env-4600b808-3336-4360-abc5-86d519a1bcd5"><testcase classname="test_garden_designer.TestGardenDesignerAPI" name="test_generate_garden_no_api_key_returns_400" time="0.408" /><testcase classname="test_garden_designer.TestGardenDesignerAPI" name="test_generate_garden_nonexistent_project_returns_404" time="0.391" /><testcase classname="test_garden_designer.TestGardenDesignerAPI" name="test_get_designs_empty_list_for_project_with_no_designs" time="0.368" /><testcase classname="test_garden_designer.TestGardenDesignerAPI" name="test_generate_garden_invalid_payload_returns_422" time="0.401" /><testcase classname="test_garden_designer.TestGardenDesignerAPI" name="test_generate_garden_unauthenticated_returns_401" time="0.447" /><testcase classname="test_garden_designer.TestGardenDesignerAPI" name="test_get_designs_unauthenticated_returns_401_or_403" time="0.431" /></testsuite></testsuites>