<?xml version="1.0" encoding="utf-8"?><testsuites name="pytest tests"><testsuite name="pytest" errors="0" failures="0" skipped="0" tests="33" time="3.340" timestamp="2026-01-16T11:43:33.032068+00:00" hostname="agent-env-f6f82cba-77c7-4c2f-ae39-376e92b81b3f"><testcase classname="tests.test_backend_refactored.TestHealthCheck" name="test_health_endpoint" time="0.078" /><testcase classname="tests.test_backend_refactored.TestAuthentication" name="test_login_success" time="0.261" /><testcase classname="tests.test_backend_refactored.TestAuthentication" name="test_login_invalid_credentials" time="0.261" /><testcase classname="tests.test_backend_refactored.TestAuthentication" name="test_login_nonexistent_user" time="0.045" /><testcase classname="tests.test_backend_refactored.TestAuthentication" name="test_get_me_authenticated" time="0.345" /><testcase classname="tests.test_backend_refactored.TestAuthentication" name="test_get_me_unauthenticated" time="0.044" /><testcase classname="tests.test_backend_refactored.TestProjectsCRUD" name="test_create_project" time="0.052" /><testcase classname="tests.test_backend_refactored.TestProjectsCRUD" name="test_list_projects" time="0.051" /><testcase classname="tests.test_backend_refactored.TestProjectsCRUD" name="test_get_project" time="0.096" /><testcase classname="tests.test_backend_refactored.TestProjectsCRUD" name="test_update_project" time="0.097" /><testcase classname="tests.test_backend_refactored.TestDiaryCRUD" name="test_create_diary_entry" time="0.050" /><testcase classname="tests.test_backend_refactored.TestDiaryCRUD" name="test_list_diary_entries" time="0.040" /><testcase classname="tests.test_backend_refactored.TestDiaryCRUD" name="test_update_diary_entry" time="0.085" /><testcase classname="tests.test_backend_refactored.TestDiaryCRUD" name="test_delete_diary_entry" time="0.223" /><testcase classname="tests.test_backend_refactored.TestBlogCRUD" name="test_create_blog_entry" time="0.050" /><testcase classname="tests.test_backend_refactored.TestBlogCRUD" name="test_list_blog_entries" time="0.050" /><testcase classname="tests.test_backend_refactored.TestBlogCRUD" name="test_update_blog_entry" time="0.100" /><testcase classname="tests.test_backend_refactored.TestBlogCRUD" name="test_delete_blog_entry" time="0.146" /><testcase classname="tests.test_backend_refactored.TestTasksCRUD" name="test_create_task" time="0.049" /><testcase classname="tests.test_backend_refactored.TestTasksCRUD" name="test_list_tasks" time="0.039" /><testcase classname="tests.test_backend_refactored.TestTasksCRUD" name="test_update_task" time="0.085" /><testcase classname="tests.test_backend_refactored.TestTasksCRUD" name="test_delete_task" time="0.120" /><testcase classname="tests.test_backend_refactored.TestRoutinesCRUD" name="test_create_startup_routine" time="0.049" /><testcase classname="tests.test_backend_refactored.TestRoutinesCRUD" name="test_create_shutdown_routine" time="0.081" /><testcase classname="tests.test_backend_refactored.TestRoutinesCRUD" name="test_list_startup_routines" time="0.049" /><testcase classname="tests.test_backend_refactored.TestRoutinesCRUD" name="test_list_shutdown_routines" time="0.045" /><testcase classname="tests.test_backend_refactored.TestRoutinesCRUD" name="test_complete_routine_task" time="0.092" /><testcase classname="tests.test_backend_refactored.TestRoutinesCRUD" name="test_uncomplete_routine_task" time="0.093" /><testcase classname="tests.test_backend_refactored.TestRoutinesCRUD" name="test_delete_routine_task" time="0.126" /><testcase classname="tests.test_backend_refactored.TestDashboard" name="test_get_dashboard_data" time="0.045" /><testcase classname="tests.test_backend_refactored.TestDashboard" name="test_get_all_tasks" time="0.043" /><testcase classname="tests.test_backend_refactored.TestPublicEndpoints" name="test_list_public_projects" time="0.038" /><testcase classname="tests.test_backend_refactored.TestCleanup" name="test_delete_test_project" time="0.138" /></testsuite></testsuites>