<?xml version="1.0" encoding="utf-8"?><testsuites name="pytest tests"><testsuite name="pytest" errors="0" failures="0" skipped="0" tests="12" time="4.603" timestamp="2026-01-16T09:45:16.519046+00:00" hostname="agent-env-f3e3336c-58b7-4620-9e6d-c51bcfa0046b"><testcase classname="tests.test_gallery_is_public_feature.TestGalleryIsPublicFeature" name="test_create_gallery_folder_with_is_public_false" time="0.356" /><testcase classname="tests.test_gallery_is_public_feature.TestGalleryIsPublicFeature" name="test_create_gallery_folder_with_is_public_true" time="0.386" /><testcase classname="tests.test_gallery_is_public_feature.TestGalleryIsPublicFeature" name="test_update_gallery_folder_is_public" time="0.429" /><testcase classname="tests.test_gallery_is_public_feature.TestGalleryIsPublicFeature" name="test_gallery_list_returns_is_public_field" time="0.352" /><testcase classname="tests.test_gallery_is_public_feature.TestPublicGalleryEndpoint" name="test_public_gallery_endpoint_exists" time="0.432" /><testcase classname="tests.test_gallery_is_public_feature.TestPublicGalleryEndpoint" name="test_public_gallery_returns_only_public_folders" time="0.388" /><testcase classname="tests.test_gallery_is_public_feature.TestPublicGalleryEndpoint" name="test_public_gallery_supports_search" time="0.388" /><testcase classname="tests.test_gallery_is_public_feature.TestPublicGalleryEndpoint" name="test_public_gallery_supports_sort" time="0.445" /><testcase classname="tests.test_gallery_is_public_feature.TestPublicBlogLibrarySearchSort" name="test_public_blog_supports_search" time="0.346" /><testcase classname="tests.test_gallery_is_public_feature.TestPublicBlogLibrarySearchSort" name="test_public_blog_supports_sort" time="0.313" /><testcase classname="tests.test_gallery_is_public_feature.TestPublicBlogLibrarySearchSort" name="test_public_library_supports_search" time="0.306" /><testcase classname="tests.test_gallery_is_public_feature.TestPublicBlogLibrarySearchSort" name="test_public_library_supports_sort" time="0.344" /></testsuite></testsuites>