<?xml version="1.0" encoding="utf-8"?><testsuites name="pytest tests"><testsuite name="pytest" errors="0" failures="0" skipped="13" tests="13" time="3.867" timestamp="2026-02-11T09:54:56.980124+00:00" hostname="agent-env-bffa4c9b-f9fe-4eec-b180-d13874b16c6d"><testcase classname="backend.tests.test_checklists.TestChecklistAPI" name="test_01_list_checklists_empty_or_existing" time="0.363"><skipped type="pytest.skip" message="Failed to get projects">/app/backend/tests/test_checklists.py:71: Failed to get projects</skipped></testcase><testcase classname="backend.tests.test_checklists.TestChecklistAPI" name="test_02_create_checklist" time="0.281"><skipped type="pytest.skip" message="Failed to get projects">/app/backend/tests/test_checklists.py:84: Failed to get projects</skipped></testcase><testcase classname="backend.tests.test_checklists.TestChecklistAPI" name="test_03_get_checklist" time="0.277"><skipped type="pytest.skip" message="Failed to get projects">/app/backend/tests/test_checklists.py:108: Failed to get projects</skipped></testcase><testcase classname="backend.tests.test_checklists.TestChecklistAPI" name="test_04_update_checklist" time="0.276"><skipped type="pytest.skip" message="Failed to get projects">/app/backend/tests/test_checklists.py:133: Failed to get projects</skipped></testcase><testcase classname="backend.tests.test_checklists.TestChecklistAPI" name="test_05_delete_checklist" time="0.311"><skipped type="pytest.skip" message="Failed to get projects">/app/backend/tests/test_checklists.py:165: Failed to get projects</skipped></testcase><testcase classname="backend.tests.test_checklists.TestChecklistAPI" name="test_06_add_item_to_checklist" time="0.266"><skipped type="pytest.skip" message="Failed to get projects">/app/backend/tests/test_checklists.py:193: Failed to get projects</skipped></testcase><testcase classname="backend.tests.test_checklists.TestChecklistAPI" name="test_07_toggle_item_completion" time="0.269"><skipped type="pytest.skip" message="Failed to get projects">/app/backend/tests/test_checklists.py:222: Failed to get projects</skipped></testcase><testcase classname="backend.tests.test_checklists.TestChecklistAPI" name="test_08_update_item" time="0.271"><skipped type="pytest.skip" message="Failed to get projects">/app/backend/tests/test_checklists.py:255: Failed to get projects</skipped></testcase><testcase classname="backend.tests.test_checklists.TestChecklistAPI" name="test_09_delete_item" time="0.309"><skipped type="pytest.skip" message="Failed to get projects">/app/backend/tests/test_checklists.py:284: Failed to get projects</skipped></testcase><testcase classname="backend.tests.test_checklists.TestChecklistAPI" name="test_10_reset_checklist" time="0.268"><skipped type="pytest.skip" message="Failed to get projects">/app/backend/tests/test_checklists.py:317: Failed to get projects</skipped></testcase><testcase classname="backend.tests.test_checklists.TestChecklistAPI" name="test_11_checklist_progress_tracking" time="0.268"><skipped type="pytest.skip" message="Failed to get projects">/app/backend/tests/test_checklists.py:366: Failed to get projects</skipped></testcase><testcase classname="backend.tests.test_checklists.TestChecklistAPI" name="test_12_checklist_not_found" time="0.271"><skipped type="pytest.skip" message="Failed to get projects">/app/backend/tests/test_checklists.py:407: Failed to get projects</skipped></testcase><testcase classname="backend.tests.test_checklists.TestChecklistAPI" name="test_13_item_not_found" time="0.349"><skipped type="pytest.skip" message="Failed to get projects">/app/backend/tests/test_checklists.py:413: Failed to get projects</skipped></testcase></testsuite></testsuites>