<?xml version="1.0" encoding="utf-8"?><testsuites name="pytest tests"><testsuite name="pytest" errors="0" failures="0" skipped="0" tests="15" time="2.001" timestamp="2026-01-16T13:08:14.848831+00:00" hostname="agent-env-f6f82cba-77c7-4c2f-ae39-376e92b81b3f"><testcase classname="tests.test_image_and_sharing.TestHealthAndBasics" name="test_health_endpoint" time="0.054" /><testcase classname="tests.test_image_and_sharing.TestFileServing" name="test_file_endpoint_returns_image" time="0.082" /><testcase classname="tests.test_image_and_sharing.TestFileServing" name="test_file_endpoint_cors_headers" time="0.062" /><testcase classname="tests.test_image_and_sharing.TestFileServing" name="test_file_endpoint_404_for_missing_file" time="0.037" /><testcase classname="tests.test_image_and_sharing.TestFileServing" name="test_file_endpoint_security_path_traversal" time="0.032" /><testcase classname="tests.test_image_and_sharing.TestPublicProjects" name="test_public_projects_list" time="0.032" /><testcase classname="tests.test_image_and_sharing.TestPublicProjects" name="test_public_project_with_image" time="0.036" /><testcase classname="tests.test_image_and_sharing.TestPublicProjects" name="test_public_project_blog_endpoint" time="0.042" /><testcase classname="tests.test_image_and_sharing.TestPublicProjects" name="test_public_project_library_endpoint" time="0.039" /><testcase classname="tests.test_image_and_sharing.TestPublicProjects" name="test_public_project_gallery_endpoint" time="0.033" /><testcase classname="tests.test_image_and_sharing.TestAuthentication" name="test_login_with_valid_credentials" time="0.258" /><testcase classname="tests.test_image_and_sharing.TestAuthentication" name="test_login_with_invalid_credentials" time="0.300" /><testcase classname="tests.test_image_and_sharing.TestAuthenticatedProjectAccess" name="test_authenticated_projects_list" time="0.341" /><testcase classname="tests.test_image_and_sharing.TestAuthenticatedProjectAccess" name="test_authenticated_project_detail" time="0.291" /><testcase classname="tests.test_image_and_sharing.TestAuthenticatedProjectAccess" name="test_authenticated_gallery_access" time="0.294" /></testsuite></testsuites>