<?xml version="1.0" encoding="utf-8"?><testsuites name="pytest tests"><testsuite name="pytest" errors="0" failures="0" skipped="0" tests="10" time="3.265" timestamp="2026-01-16T08:50:40.391325+00:00" hostname="agent-env-f3e3336c-58b7-4620-9e6d-c51bcfa0046b"><testcase classname="tests.test_daily_reminders_and_renaming.TestDailyRemindersFeature" name="test_auth_me_returns_daily_reminders_field" time="0.319" /><testcase classname="tests.test_daily_reminders_and_renaming.TestDailyRemindersFeature" name="test_update_settings_daily_reminders_enable" time="0.303" /><testcase classname="tests.test_daily_reminders_and_renaming.TestDailyRemindersFeature" name="test_update_settings_daily_reminders_disable" time="0.293" /><testcase classname="tests.test_daily_reminders_and_renaming.TestDailyRemindersFeature" name="test_settings_update_persists" time="0.392" /><testcase classname="tests.test_daily_reminders_and_renaming.TestCronDailyReminders" name="test_cron_endpoint_exists" time="0.031" /><testcase classname="tests.test_daily_reminders_and_renaming.TestCronDailyReminders" name="test_cron_processes_users_with_reminders_enabled" time="0.362" /><testcase classname="tests.test_daily_reminders_and_renaming.TestPublicProjectViewCounts" name="test_blog_entry_has_views_field" time="0.481" /><testcase classname="tests.test_daily_reminders_and_renaming.TestPublicProjectViewCounts" name="test_library_entry_has_views_field" time="0.365" /><testcase classname="tests.test_daily_reminders_and_renaming.TestPublicProjectViewCounts" name="test_public_blog_entry_shows_zero_views" time="0.399" /><testcase classname="tests.test_daily_reminders_and_renaming.TestLoginResponseIncludesDailyReminders" name="test_login_response_has_daily_reminders" time="0.254" /></testsuite></testsuites>