<?xml version="1.0" encoding="utf-8"?><testsuites name="pytest tests"><testsuite name="pytest" errors="0" failures="0" skipped="0" tests="34" time="2.119" timestamp="2026-01-22T15:59:37.192934+00:00" hostname="agent-env-677dfa81-d4ef-46ef-aceb-6af1934c16d7"><testcase classname="backend.tests.test_finance.TestAuthentication" name="test_login_success" time="0.285" /><testcase classname="backend.tests.test_finance.TestProjectSetup" name="test_get_projects" time="0.041" /><testcase classname="backend.tests.test_finance.TestFinanceAccounts" name="test_create_account" time="0.041" /><testcase classname="backend.tests.test_finance.TestFinanceAccounts" name="test_list_accounts" time="0.046" /><testcase classname="backend.tests.test_finance.TestFinanceAccounts" name="test_list_accounts_by_project" time="0.041" /><testcase classname="backend.tests.test_finance.TestFinanceAccounts" name="test_get_account" time="0.042" /><testcase classname="backend.tests.test_finance.TestFinanceAccounts" name="test_update_account" time="0.044" /><testcase classname="backend.tests.test_finance.TestFinanceCategories" name="test_seed_default_categories" time="0.042" /><testcase classname="backend.tests.test_finance.TestFinanceCategories" name="test_list_categories" time="0.056" /><testcase classname="backend.tests.test_finance.TestFinanceCategories" name="test_list_categories_by_project" time="0.040" /><testcase classname="backend.tests.test_finance.TestFinanceCategories" name="test_create_custom_category" time="0.035" /><testcase classname="backend.tests.test_finance.TestFinanceTransactions" name="test_create_income_transaction" time="0.080" /><testcase classname="backend.tests.test_finance.TestFinanceTransactions" name="test_create_expense_transaction" time="0.070" /><testcase classname="backend.tests.test_finance.TestFinanceTransactions" name="test_list_transactions" time="0.046" /><testcase classname="backend.tests.test_finance.TestFinanceTransactions" name="test_list_transactions_by_project" time="0.041" /><testcase classname="backend.tests.test_finance.TestFinanceTransactions" name="test_update_transaction" time="0.037" /><testcase classname="backend.tests.test_finance.TestFinanceRecurring" name="test_create_recurring_transaction" time="0.118" /><testcase classname="backend.tests.test_finance.TestFinanceRecurring" name="test_list_recurring_transactions" time="0.042" /><testcase classname="backend.tests.test_finance.TestFinanceRecurring" name="test_list_recurring_by_project" time="0.042" /><testcase classname="backend.tests.test_finance.TestFinanceRecurring" name="test_update_recurring_transaction" time="0.041" /><testcase classname="backend.tests.test_finance.TestFinanceAnalytics" name="test_project_dashboard" time="0.038" /><testcase classname="backend.tests.test_finance.TestFinanceAnalytics" name="test_monthly_overview" time="0.035" /><testcase classname="backend.tests.test_finance.TestFinanceAnalytics" name="test_monthly_overview_by_project" time="0.038" /><testcase classname="backend.tests.test_finance.TestFinanceAnalytics" name="test_monthly_invalid_format" time="0.035" /><testcase classname="backend.tests.test_finance.TestFinanceAnalytics" name="test_runway_calculation" time="0.041" /><testcase classname="backend.tests.test_finance.TestFinanceAnalytics" name="test_runway_with_custom_threshold" time="0.038" /><testcase classname="backend.tests.test_finance.TestFinanceCleanup" name="test_delete_recurring" time="0.036" /><testcase classname="backend.tests.test_finance.TestFinanceCleanup" name="test_delete_transaction" time="0.038" /><testcase classname="backend.tests.test_finance.TestFinanceCleanup" name="test_delete_account_with_transactions_fails" time="0.190" /><testcase classname="backend.tests.test_finance.TestFinanceCleanup" name="test_delete_account" time="0.127" /><testcase classname="backend.tests.test_finance.TestFinanceErrorHandling" name="test_create_account_invalid_project" time="0.036" /><testcase classname="backend.tests.test_finance.TestFinanceErrorHandling" name="test_create_transaction_invalid_account" time="0.082" /><testcase classname="backend.tests.test_finance.TestFinanceErrorHandling" name="test_get_nonexistent_account" time="0.043" /><testcase classname="backend.tests.test_finance.TestFinanceErrorHandling" name="test_unauthorized_access" time="0.042" /></testsuite></testsuites>