<?xml version="1.0" encoding="utf-8"?><testsuites name="pytest tests"><testsuite name="pytest" errors="0" failures="0" skipped="0" tests="7" time="1.890" timestamp="2026-04-05T10:21:30.375446+00:00" hostname="agent-env-4600b808-3336-4360-abc5-86d519a1bcd5"><testcase classname="backend.tests.test_library_images.TestLibraryImageEndpoints" name="test_upload_image_to_library_entry" time="0.644" /><testcase classname="backend.tests.test_library_images.TestLibraryImageEndpoints" name="test_library_list_includes_images_array" time="0.270" /><testcase classname="backend.tests.test_library_images.TestLibraryImageEndpoints" name="test_delete_library_image" time="0.302" /><testcase classname="backend.tests.test_library_images.TestLibraryImageEndpoints" name="test_upload_image_to_nonexistent_entry" time="0.112" /><testcase classname="backend.tests.test_library_images.TestLibraryImageEndpoints" name="test_delete_nonexistent_image" time="0.142" /><testcase classname="backend.tests.test_library_images.TestLibraryEntryWithImages" name="test_create_entry_has_empty_images_array" time="0.092" /><testcase classname="backend.tests.test_library_images.TestLibraryEntryWithImages" name="test_get_single_entry_includes_images" time="0.278" /></testsuite></testsuites>