<?xml version="1.0" encoding="utf-8"?><testsuites name="pytest tests"><testsuite name="pytest" errors="0" failures="0" skipped="0" tests="5" time="2.060" timestamp="2026-04-06T14:56:43.195124+00:00" hostname="agent-env-4600b808-3336-4360-abc5-86d519a1bcd5"><testcase classname="tests.test_remember_me.TestRememberMeFeature" name="test_login_without_remember_me_defaults_to_24h" time="0.403" /><testcase classname="tests.test_remember_me.TestRememberMeFeature" name="test_login_with_remember_me_false_returns_24h" time="0.349" /><testcase classname="tests.test_remember_me.TestRememberMeFeature" name="test_login_with_remember_me_true_returns_14_days" time="0.385" /><testcase classname="tests.test_remember_me.TestRememberMeFeature" name="test_token_is_valid_and_works" time="0.529" /><testcase classname="tests.test_remember_me.TestRememberMeFeature" name="test_login_response_structure" time="0.333" /></testsuite></testsuites>