<?xml version="1.0" encoding="utf-8"?><testsuites name="pytest tests"><testsuite name="pytest" errors="0" failures="0" skipped="0" tests="13" time="5.306" timestamp="2026-02-11T09:55:33.507152+00:00" hostname="agent-env-bffa4c9b-f9fe-4eec-b180-d13874b16c6d"><testcase classname="backend.tests.test_checklists.TestChecklistAPI" name="test_01_list_checklists_empty_or_existing" time="0.397" /><testcase classname="backend.tests.test_checklists.TestChecklistAPI" name="test_02_create_checklist" time="0.359" /><testcase classname="backend.tests.test_checklists.TestChecklistAPI" name="test_03_get_checklist" time="0.356" /><testcase classname="backend.tests.test_checklists.TestChecklistAPI" name="test_04_update_checklist" time="0.419" /><testcase classname="backend.tests.test_checklists.TestChecklistAPI" name="test_05_delete_checklist" time="0.358" /><testcase classname="backend.tests.test_checklists.TestChecklistAPI" name="test_06_add_item_to_checklist" time="0.355" /><testcase classname="backend.tests.test_checklists.TestChecklistAPI" name="test_07_toggle_item_completion" time="0.486" /><testcase classname="backend.tests.test_checklists.TestChecklistAPI" name="test_08_update_item" time="0.382" /><testcase classname="backend.tests.test_checklists.TestChecklistAPI" name="test_09_delete_item" time="0.426" /><testcase classname="backend.tests.test_checklists.TestChecklistAPI" name="test_10_reset_checklist" time="0.479" /><testcase classname="backend.tests.test_checklists.TestChecklistAPI" name="test_11_checklist_progress_tracking" time="0.510" /><testcase classname="backend.tests.test_checklists.TestChecklistAPI" name="test_12_checklist_not_found" time="0.340" /><testcase classname="backend.tests.test_checklists.TestChecklistAPI" name="test_13_item_not_found" time="0.346" /></testsuite></testsuites>