<?xml version="1.0" encoding="utf-8"?><testsuites name="pytest tests"><testsuite name="pytest" errors="0" failures="5" skipped="0" tests="15" time="2.056" timestamp="2026-01-16T13:07:44.337406+00:00" hostname="agent-env-f6f82cba-77c7-4c2f-ae39-376e92b81b3f"><testcase classname="tests.test_image_and_sharing.TestHealthAndBasics" name="test_health_endpoint" time="0.091" /><testcase classname="tests.test_image_and_sharing.TestFileServing" name="test_file_endpoint_returns_image" time="0.055" /><testcase classname="tests.test_image_and_sharing.TestFileServing" name="test_file_endpoint_cors_headers" time="0.069" /><testcase classname="tests.test_image_and_sharing.TestFileServing" name="test_file_endpoint_404_for_missing_file" time="0.034" /><testcase classname="tests.test_image_and_sharing.TestFileServing" name="test_file_endpoint_security_path_traversal" time="0.036"><failure message="assert 200 in [403, 404]&#10; +  where 200 = &lt;Response [200]&gt;.status_code">tests/test_image_and_sharing.py:61: in test_file_endpoint_security_path_traversal
    assert response.status_code in [403, 404]
E   assert 200 in [403, 404]
E    +  where 200 = &lt;Response [200]&gt;.status_code</failure></testcase><testcase classname="tests.test_image_and_sharing.TestPublicProjects" name="test_public_projects_list" time="0.042" /><testcase classname="tests.test_image_and_sharing.TestPublicProjects" name="test_public_project_with_image" time="0.036" /><testcase classname="tests.test_image_and_sharing.TestPublicProjects" name="test_public_project_blog_endpoint" time="0.040" /><testcase classname="tests.test_image_and_sharing.TestPublicProjects" name="test_public_project_library_endpoint" time="0.038" /><testcase classname="tests.test_image_and_sharing.TestPublicProjects" name="test_public_project_gallery_endpoint" time="0.034" /><testcase classname="tests.test_image_and_sharing.TestAuthentication" name="test_login_with_valid_credentials" time="0.262"><failure message="AssertionError: assert 'token' in {'access_token': 'eyJhbGciOiJIUzI1NiIsInR5cCI6IkpXVCJ9.eyJzdWIiOiI2YmFhMmYyNy1hOGVhLTRhMTQtYTMwNC1iNjI5MTE3YjkzMGYiLCJlbWFpbCI6ImFkbWluQHNlbGZzdWZmaWNpZW50LmFwcCIsImV4cCI6MTc2ODY1NTI2NSwiaWF0IjoxNzY4NTY4ODY1fQ.CGjAqRD0E7F4hi3SzLkoWmrj5XAIikeIyBW6_XJi7Sk', 'token_type': 'bearer', 'user': {'created_at': '2026-01-16T06:11:40.197801+00:00', 'daily_reminders': False, 'email': 'admin@selfsufficient.app', 'id': '6baa2f27-a8ea-4a14-a304-b629117b930f', ...}}">tests/test_image_and_sharing.py:122: in test_login_with_valid_credentials
    assert "token" in data
E   AssertionError: assert 'token' in {'access_token': 'eyJhbGciOiJIUzI1NiIsInR5cCI6IkpXVCJ9.eyJzdWIiOiI2YmFhMmYyNy1hOGVhLTRhMTQtYTMwNC1iNjI5MTE3YjkzMGYiLCJlbWFpbCI6ImFkbWluQHNlbGZzdWZmaWNpZW50LmFwcCIsImV4cCI6MTc2ODY1NTI2NSwiaWF0IjoxNzY4NTY4ODY1fQ.CGjAqRD0E7F4hi3SzLkoWmrj5XAIikeIyBW6_XJi7Sk', 'token_type': 'bearer', 'user': {'created_at': '2026-01-16T06:11:40.197801+00:00', 'daily_reminders': False, 'email': 'admin@selfsufficient.app', 'id': '6baa2f27-a8ea-4a14-a304-b629117b930f', ...}}</failure></testcase><testcase classname="tests.test_image_and_sharing.TestAuthentication" name="test_login_with_invalid_credentials" time="0.259" /><testcase classname="tests.test_image_and_sharing.TestAuthenticatedProjectAccess" name="test_authenticated_projects_list" time="0.286"><failure message="assert 401 == 200&#10; +  where 401 = &lt;Response [401]&gt;.status_code">tests/test_image_and_sharing.py:158: in test_authenticated_projects_list
    assert response.status_code == 200
E   assert 401 == 200
E    +  where 401 = &lt;Response [401]&gt;.status_code</failure></testcase><testcase classname="tests.test_image_and_sharing.TestAuthenticatedProjectAccess" name="test_authenticated_project_detail" time="0.287"><failure message="assert 401 == 200&#10; +  where 401 = &lt;Response [401]&gt;.status_code">tests/test_image_and_sharing.py:169: in test_authenticated_project_detail
    assert response.status_code == 200
E   assert 401 == 200
E    +  where 401 = &lt;Response [401]&gt;.status_code</failure></testcase><testcase classname="tests.test_image_and_sharing.TestAuthenticatedProjectAccess" name="test_authenticated_gallery_access" time="0.329"><failure message="assert 401 == 200&#10; +  where 401 = &lt;Response [401]&gt;.status_code">tests/test_image_and_sharing.py:181: in test_authenticated_gallery_access
    assert response.status_code == 200
E   assert 401 == 200
E    +  where 401 = &lt;Response [401]&gt;.status_code</failure></testcase></testsuite></testsuites>