<?xml version="1.0" encoding="utf-8"?><testsuites name="pytest tests"><testsuite name="pytest" errors="0" failures="0" skipped="0" tests="6" time="1.487" timestamp="2026-04-05T11:57:11.334539+00:00" hostname="agent-env-4600b808-3336-4360-abc5-86d519a1bcd5"><testcase classname="tests.test_lightbox_endpoints.TestLibraryImageEndpoints" name="test_upload_library_image" time="0.592" /><testcase classname="tests.test_lightbox_endpoints.TestLibraryImageEndpoints" name="test_library_entry_includes_images_array" time="0.116" /><testcase classname="tests.test_lightbox_endpoints.TestLibraryImageEndpoints" name="test_delete_library_image" time="0.211" /><testcase classname="tests.test_lightbox_endpoints.TestLibraryImageEndpoints" name="test_delete_nonexistent_image_returns_404" time="0.106" /><testcase classname="tests.test_lightbox_endpoints.TestGalleryImageEndpoints" name="test_gallery_list_returns_images" time="0.102" /><testcase classname="tests.test_lightbox_endpoints.TestGalleryImageEndpoints" name="test_upload_gallery_image" time="0.313" /></testsuite></testsuites>