<?xml version="1.0" encoding="utf-8"?><testsuites name="pytest tests"><testsuite name="pytest" errors="0" failures="0" skipped="0" tests="17" time="3.379" timestamp="2026-01-16T08:32:19.771183+00:00" hostname="agent-env-f3e3336c-58b7-4620-9e6d-c51bcfa0046b"><testcase classname="tests.test_recursive_folders_and_features.TestConfig" name="test_config_endpoint_returns_app_name" time="0.090" /><testcase classname="tests.test_recursive_folders_and_features.TestConfig" name="test_config_endpoint_returns_email_configured" time="0.037" /><testcase classname="tests.test_recursive_folders_and_features.TestGalleryRecursiveFolders" name="test_create_root_folder" time="0.348" /><testcase classname="tests.test_recursive_folders_and_features.TestGalleryRecursiveFolders" name="test_create_subfolder" time="0.078" /><testcase classname="tests.test_recursive_folders_and_features.TestGalleryRecursiveFolders" name="test_gallery_folder_path_endpoint" time="0.117" /><testcase classname="tests.test_recursive_folders_and_features.TestGalleryRecursiveFolders" name="test_list_gallery_with_folder_filter" time="0.111" /><testcase classname="tests.test_recursive_folders_and_features.TestLibraryRecursiveFolders" name="test_create_library_root_folder" time="0.332" /><testcase classname="tests.test_recursive_folders_and_features.TestLibraryRecursiveFolders" name="test_create_library_subfolder" time="0.076" /><testcase classname="tests.test_recursive_folders_and_features.TestLibraryRecursiveFolders" name="test_library_folder_path_endpoint" time="0.105" /><testcase classname="tests.test_recursive_folders_and_features.TestViewCounts" name="test_blog_entry_has_views_field" time="0.331" /><testcase classname="tests.test_recursive_folders_and_features.TestViewCounts" name="test_library_entry_has_views_field" time="0.035" /><testcase classname="tests.test_recursive_folders_and_features.TestViewCounts" name="test_blog_list_includes_views" time="0.080" /><testcase classname="tests.test_recursive_folders_and_features.TestViewCounts" name="test_library_list_includes_views" time="0.041" /><testcase classname="tests.test_recursive_folders_and_features.TestSearchInDescriptions" name="test_blog_search_finds_description_content" time="0.357" /><testcase classname="tests.test_recursive_folders_and_features.TestSearchInDescriptions" name="test_library_search_finds_description_content" time="0.071" /><testcase classname="tests.test_recursive_folders_and_features.TestSearchInDescriptions" name="test_diary_search_finds_story_content" time="0.071" /><testcase classname="tests.test_recursive_folders_and_features.TestCleanup" name="test_cleanup_test_data" time="0.969" /></testsuite></testsuites>