<?xml version="1.0" encoding="utf-8"?><testsuites name="pytest tests"><testsuite name="pytest" errors="0" failures="0" skipped="0" tests="6" time="2.602" timestamp="2026-03-15T13:34:10.258996+00:00" hostname="agent-env-4600b808-3336-4360-abc5-86d519a1bcd5"><testcase classname="backend.tests.test_garden_designer.TestGardenDesignerAPI" name="test_generate_garden_no_api_key_returns_400" time="0.480" /><testcase classname="backend.tests.test_garden_designer.TestGardenDesignerAPI" name="test_generate_garden_nonexistent_project_returns_404" time="0.388" /><testcase classname="backend.tests.test_garden_designer.TestGardenDesignerAPI" name="test_get_designs_empty_list_for_project_with_no_designs" time="0.387" /><testcase classname="backend.tests.test_garden_designer.TestGardenDesignerAPI" name="test_generate_garden_invalid_payload_returns_422" time="0.378" /><testcase classname="backend.tests.test_garden_designer.TestGardenDesignerAPI" name="test_generate_garden_unauthenticated_returns_401" time="0.440" /><testcase classname="backend.tests.test_garden_designer.TestGardenDesignerAPI" name="test_get_designs_unauthenticated_returns_401_or_403" time="0.475" /></testsuite></testsuites>