<?xml version="1.0" encoding="utf-8"?><testsuites name="pytest tests"><testsuite name="pytest" errors="0" failures="0" skipped="0" tests="6" time="1.278" timestamp="2026-03-24T07:40:30.286366+00:00" hostname="agent-env-4600b808-3336-4360-abc5-86d519a1bcd5"><testcase classname="backend.tests.test_budget_periods.TestBudgetPeriodsAPI" name="test_get_periods" time="0.577" /><testcase classname="backend.tests.test_budget_periods.TestBudgetPeriodsAPI" name="test_get_periods_with_project_filter" time="0.177" /><testcase classname="backend.tests.test_budget_periods.TestBudgetPeriodsAPI" name="test_update_period_name" time="0.239" /><testcase classname="backend.tests.test_budget_periods.TestBudgetPeriodsAPI" name="test_period_response_structure" time="0.113" /><testcase classname="backend.tests.test_budget_periods.TestBudgetComparisonAPI" name="test_get_budget_comparison" time="0.113" /><testcase classname="backend.tests.test_budget_periods.TestGardenDesignerDisabled" name="test_garden_designer_route_not_accessible" time="0.001" /></testsuite></testsuites>