<?xml version="1.0" encoding="utf-8"?><testsuites name="pytest tests"><testsuite name="pytest" errors="0" failures="0" skipped="0" tests="10" time="1.468" timestamp="2026-01-17T11:16:09.976148+00:00" hostname="agent-env-677dfa81-d4ef-46ef-aceb-6af1934c16d7"><testcase classname="tests.test_upload_size_and_cors.TestConfigEndpoint" name="test_config_endpoint_returns_max_upload_size" time="0.059" /><testcase classname="tests.test_upload_size_and_cors.TestCORSHeaders" name="test_cors_headers_on_health_endpoint" time="0.033" /><testcase classname="tests.test_upload_size_and_cors.TestCORSHeaders" name="test_cors_headers_on_config_endpoint" time="0.033" /><testcase classname="tests.test_upload_size_and_cors.TestCORSHeaders" name="test_cors_preflight_options_request" time="0.033" /><testcase classname="tests.test_upload_size_and_cors.TestUploadSizeValidation" name="test_login_works" time="0.259" /><testcase classname="tests.test_upload_size_and_cors.TestUploadSizeValidation" name="test_project_image_upload_small_file" time="0.291" /><testcase classname="tests.test_upload_size_and_cors.TestUploadSizeValidation" name="test_project_image_upload_large_file_returns_413" time="0.324" /><testcase classname="tests.test_upload_size_and_cors.TestUploadSizeValidation" name="test_gallery_image_upload_large_file_returns_413" time="0.317" /><testcase classname="tests.test_upload_size_and_cors.TestCORSWithOriginHeader" name="test_cors_with_origin_header" time="0.034" /><testcase classname="tests.test_upload_size_and_cors.TestCORSWithOriginHeader" name="test_cors_on_files_endpoint" time="0.033" /></testsuite></testsuites>