<?xml version="1.0" encoding="utf-8"?><testsuites name="pytest tests"><testsuite name="pytest" errors="0" failures="0" skipped="0" tests="13" time="3.579" timestamp="2026-04-12T19:10:03.770006+00:00" hostname="agent-env-4600b808-3336-4360-abc5-86d519a1bcd5"><testcase classname="backend.tests.test_translation_feature.TestLanguagesEndpoint" name="test_get_supported_languages_returns_27_languages" time="0.528" /><testcase classname="backend.tests.test_translation_feature.TestProjectLanguageConfig" name="test_get_project_returns_languages_and_primary_language" time="0.118" /><testcase classname="backend.tests.test_translation_feature.TestProjectLanguageConfig" name="test_update_project_languages" time="0.356" /><testcase classname="backend.tests.test_translation_feature.TestProjectLanguageConfig" name="test_public_project_returns_languages" time="0.119" /><testcase classname="backend.tests.test_translation_feature.TestBlogTranslation" name="test_blog_entry_has_translations_field" time="0.122" /><testcase classname="backend.tests.test_translation_feature.TestBlogTranslation" name="test_translate_blog_returns_400_if_language_not_in_project" time="0.288" /><testcase classname="backend.tests.test_translation_feature.TestBlogTranslation" name="test_translate_blog_returns_400_if_no_openai_key" time="0.271" /><testcase classname="backend.tests.test_translation_feature.TestBlogTranslation" name="test_update_blog_translation" time="0.250" /><testcase classname="backend.tests.test_translation_feature.TestBlogTranslation" name="test_delete_blog_translation" time="0.353" /><testcase classname="backend.tests.test_translation_feature.TestPublicBlogWithLang" name="test_public_blog_list_accepts_lang_param" time="0.777" /><testcase classname="backend.tests.test_translation_feature.TestLibraryTranslation" name="test_library_entry_has_translations_field" time="0.101" /><testcase classname="backend.tests.test_translation_feature.TestLibraryTranslation" name="test_public_library_accepts_lang_param" time="0.115" /><testcase classname="backend.tests.test_translation_feature.TestDiaryTranslation" name="test_diary_entry_has_translations_field" time="0.126" /></testsuite></testsuites>